[INFO 03-26 23:49:51] ------------- Exp1 -------------
[INFO 03-26 23:49:51] Batch size: 32
[INFO 03-26 23:49:51] Learning rate: 0.0002
[INFO 03-26 23:49:51] Use integrated planning module: True
[INFO 03-26 23:49:51] Use device: cuda
[INFO 03-26 23:49:52] Dataset Prepared: 793 train data, 810 validation data

[INFO 03-26 23:49:52] Epoch 1/20
[INFO 03-26 23:49:59] 
plannerADE: 6.6522, plannerFDE: 16.3425, predictorADE: 9.3495, predictorFDE: 15.2740
[INFO 03-26 23:50:01] 
val-plannerADE: 4.9537, val-plannerFDE: 12.7523, val-predictorADE: 8.9965, val-predictorFDE: 14.2221
[INFO 03-26 23:50:01] Model saved in training_log/Exp1

[INFO 03-26 23:50:01] Epoch 2/20
[INFO 03-26 23:50:07] 
plannerADE: 3.6847, plannerFDE: 9.6626, predictorADE: 8.8053, predictorFDE: 13.0573
[INFO 03-26 23:50:09] 
val-plannerADE: 3.1110, val-plannerFDE: 8.8733, val-predictorADE: 8.0430, val-predictorFDE: 11.4084
[INFO 03-26 23:50:09] Model saved in training_log/Exp1

[INFO 03-26 23:50:09] Epoch 3/20
[INFO 03-26 23:50:16] 
plannerADE: 2.8046, plannerFDE: 7.5704, predictorADE: 7.5240, predictorFDE: 10.2200
[INFO 03-26 23:50:17] 
val-plannerADE: 2.9318, val-plannerFDE: 7.8786, val-predictorADE: 6.5381, val-predictorFDE: 8.4827
[INFO 03-26 23:50:17] Model saved in training_log/Exp1

[INFO 03-26 23:50:17] Epoch 4/20
[INFO 03-26 23:50:24] 
plannerADE: 2.6159, plannerFDE: 7.0750, predictorADE: 6.0361, predictorFDE: 7.7165
[INFO 03-26 23:50:26] 
val-plannerADE: 3.0179, val-plannerFDE: 8.3417, val-predictorADE: 5.2583, val-predictorFDE: 6.6604
[INFO 03-26 23:50:26] Model saved in training_log/Exp1

[INFO 03-26 23:50:26] Epoch 5/20
[INFO 03-26 23:50:32] 
plannerADE: 2.4892, plannerFDE: 6.7324, predictorADE: 5.0783, predictorFDE: 6.4330
[INFO 03-26 23:50:34] 
val-plannerADE: 2.6788, val-plannerFDE: 7.2691, val-predictorADE: 4.7872, val-predictorFDE: 6.2442
[INFO 03-26 23:50:34] Model saved in training_log/Exp1

[INFO 03-26 23:50:34] Epoch 6/20
[INFO 03-26 23:50:43] 
plannerADE: 5.2106, plannerFDE: 13.3651, predictorADE: 4.7782, predictorFDE: 6.1723
[INFO 03-26 23:50:47] 
val-plannerADE: 4.0020, val-plannerFDE: 11.5478, val-predictorADE: 4.6017, val-predictorFDE: 6.2660
[INFO 03-26 23:50:47] Model saved in training_log/Exp1

[INFO 03-26 23:50:47] Epoch 7/20
[INFO 03-26 23:50:55] 
plannerADE: 2.9478, plannerFDE: 8.2989, predictorADE: 4.6365, predictorFDE: 6.2317
[INFO 03-26 23:50:59] 
val-plannerADE: 2.7992, val-plannerFDE: 7.4665, val-predictorADE: 4.4245, val-predictorFDE: 6.1675
[INFO 03-26 23:50:59] Model saved in training_log/Exp1

[INFO 03-26 23:50:59] Epoch 8/20
[INFO 03-26 23:51:08] 
plannerADE: 2.6056, plannerFDE: 6.8114, predictorADE: 4.3535, predictorFDE: 5.7933
[INFO 03-26 23:51:12] 
val-plannerADE: 3.0017, val-plannerFDE: 7.2332, val-predictorADE: 4.0194, val-predictorFDE: 5.4695
[INFO 03-26 23:51:12] Model saved in training_log/Exp1

[INFO 03-26 23:51:12] Epoch 9/20
[INFO 03-26 23:51:20] 
plannerADE: 2.4270, plannerFDE: 6.0998, predictorADE: 4.0628, predictorFDE: 5.3753
[INFO 03-26 23:51:24] 
val-plannerADE: 2.6952, val-plannerFDE: 7.0563, val-predictorADE: 3.8479, val-predictorFDE: 5.4055
[INFO 03-26 23:51:24] Model saved in training_log/Exp1

[INFO 03-26 23:51:24] Epoch 10/20
[INFO 03-26 23:51:33] 
plannerADE: 2.2571, plannerFDE: 5.6864, predictorADE: 3.9028, predictorFDE: 5.3723
[INFO 03-26 23:51:37] 
val-plannerADE: 2.4669, val-plannerFDE: 6.4364, val-predictorADE: 3.7530, val-predictorFDE: 5.1779
[INFO 03-26 23:51:37] Model saved in training_log/Exp1

[INFO 03-26 23:51:37] Epoch 11/20
[INFO 03-26 23:51:45] 
plannerADE: 2.0563, plannerFDE: 5.1764, predictorADE: 3.7340, predictorFDE: 5.1486
[INFO 03-26 23:51:49] 
val-plannerADE: 2.4117, val-plannerFDE: 6.2855, val-predictorADE: 3.6248, val-predictorFDE: 5.1648
[INFO 03-26 23:51:49] Model saved in training_log/Exp1

[INFO 03-26 23:51:49] Epoch 12/20
[INFO 03-26 23:51:58] 
plannerADE: 1.9532, plannerFDE: 4.9439, predictorADE: 3.5546, predictorFDE: 4.9013
[INFO 03-26 23:52:02] 
val-plannerADE: 2.3810, val-plannerFDE: 6.2011, val-predictorADE: 3.4664, val-predictorFDE: 4.9771
[INFO 03-26 23:52:02] Model saved in training_log/Exp1

[INFO 03-26 23:52:02] Epoch 13/20
[INFO 03-26 23:52:10] 
plannerADE: 1.8892, plannerFDE: 4.7143, predictorADE: 3.4178, predictorFDE: 4.7486
[INFO 03-26 23:52:14] 
val-plannerADE: 2.2926, val-plannerFDE: 5.9437, val-predictorADE: 3.3767, val-predictorFDE: 4.8663
[INFO 03-26 23:52:14] Model saved in training_log/Exp1

[INFO 03-26 23:52:14] Epoch 14/20
